  Application.cpp
C:\Development\Teleservice\Teleservice\src\core\Window.h(1,1): warning C4005: 'UNICODE': macro redefinition
C:\Development\Teleservice\Teleservice\src\core\Application.cpp : message : see previous definition of 'UNICODE'
C:\Development\Teleservice\Teleservice\src\core\Window.h(33,37): warning C4267: 'return': conversion from 'size_t' to 'int', possible loss of data
  Window.cpp
C:\Development\Teleservice\Teleservice\src\core\Window.h(1,1): warning C4005: 'UNICODE': macro redefinition
C:\Development\Teleservice\Teleservice\src\core\Window.cpp : message : see previous definition of 'UNICODE'
C:\Development\Teleservice\Teleservice\src\core\Window.h(33,37): warning C4267: 'return': conversion from 'size_t' to 'int', possible loss of data
  WindowManager.cpp
C:\Development\Teleservice\Teleservice\src\core\Window.h(1,1): warning C4005: 'UNICODE': macro redefinition
C:\Development\Teleservice\Teleservice\src\core\WindowManager.cpp : message : see previous definition of 'UNICODE'
C:\Development\Teleservice\Teleservice\src\core\Window.h(33,37): warning C4267: 'return': conversion from 'size_t' to 'int', possible loss of data
  Main.cpp
C:\Development\Teleservice\Teleservice\src\core\Window.h(1,1): warning C4005: 'UNICODE': macro redefinition
C:\Development\Teleservice\Teleservice\src\Main.cpp : message : see previous definition of 'UNICODE'
C:\Development\Teleservice\Teleservice\src\core\Window.h(33,37): warning C4267: 'return': conversion from 'size_t' to 'int', possible loss of data
  Button.cpp
C:\Development\Teleservice\Teleservice\src\ui\Button.cpp(5,2): warning C4312: 'type cast': conversion from 'int' to 'HMENU' of greater size
  CheckBox.cpp
C:\Development\Teleservice\Teleservice\src\ui\CheckBox.cpp(5,13): warning C4312: 'type cast': conversion from 'int' to 'HMENU' of greater size
  ComboBox.cpp
C:\Development\Teleservice\Teleservice\src\ui\ComboBox.cpp(6,1): warning C4312: 'type cast': conversion from 'int' to 'HMENU' of greater size
  Control.cpp
  Label.cpp
C:\Development\Teleservice\Teleservice\src\ui\Label.cpp(7,76): warning C4267: 'argument': conversion from 'size_t' to 'int', possible loss of data
C:\Development\Teleservice\Teleservice\src\ui\Label.cpp(10,1): warning C4312: 'type cast': conversion from 'int' to 'HMENU' of greater size
  TextBox.cpp
C:\Development\Teleservice\Teleservice\src\ui\TextBox.cpp(6,1): warning C4312: 'type cast': conversion from 'int' to 'HMENU' of greater size
  Generating code
C:\Development\Teleservice\Teleservice\src\core\Window.cpp(176): warning C4715: 'Window::WindowProcedure': not all control paths return a value
  121 of 474 functions (25.5%) were compiled, the rest were copied from previous compilation.
    30 functions were new in current compilation
    47 functions had inline decision re-evaluated but remain unchanged
  Finished generating code
  Teleservice.vcxproj -> C:\Development\Teleservice\x64\Release\Teleservice.exe
